mp3_v2/android/app/build/intermediates/manifest_merge_blame_file/release/manifest-merger-blame-release-report.txt
1<?xml version="1.0" encoding="utf-8"?>
2<manifest xmlns:android="http://schemas.android.com/apk/res/android"
3    package="com.aplikasii.mp3"
4    android:versionCode="1"
5    android:versionName="1.0.0" >
6
7    <uses-sdk
8        android:minSdkVersion="24"
8-->src\main\AndroidManifest.xml
9        android:targetSdkVersion="34" />
9-->src\main\AndroidManifest.xml
10
11    <uses-permission android:name="android.permission.INTERNET" />
11-->src\main\AndroidManifest.xml:4:5-66
11-->src\main\AndroidManifest.xml:4:22-64
12    <uses-permission android:name="android.permission.WRITE_EXTERNAL_STORAGE" />
12-->src\main\AndroidManifest.xml:5:5-80
12-->src\main\AndroidManifest.xml:5:22-78
13    <uses-permission android:name="android.permission.READ_EXTERNAL_STORAGE" />
13-->src\main\AndroidManifest.xml:6:5-79
13-->src\main\AndroidManifest.xml:6:22-77
14    <uses-permission android:name="android.permission.WAKE_LOCK" />
14-->src\main\AndroidManifest.xml:7:5-67
14-->src\main\AndroidManifest.xml:7:22-65
15    <uses-permission android:name="android.permission.FOREGROUND_SERVICE_MEDIA_PLAYBACK" />
15-->src\main\AndroidManifest.xml:8:5-92
15-->src\main\AndroidManifest.xml:8:22-89
16    <uses-permission android:name="android.permission.FOREGROUND_SERVICE" />
16-->src\main\AndroidManifest.xml:9:5-76
16-->src\main\AndroidManifest.xml:9:22-74
17    <uses-permission android:name="android.permission.ACCESS_NETWORK_STATE" />
17-->src\main\AndroidManifest.xml:10:5-78
17-->src\main\AndroidManifest.xml:10:22-76
18    <uses-permission android:name="android.permission.BLUETOOTH" />
18-->src\main\AndroidManifest.xml:11:5-68
18-->src\main\AndroidManifest.xml:11:22-65
19    <uses-permission android:name="android.permission.BLUETOOTH_ADMIN" />
19-->src\main\AndroidManifest.xml:12:5-74
19-->src\main\AndroidManifest.xml:12:22-71
20
21    <queries>
21-->src\main\AndroidManifest.xml:15:5-17:15
22        <provider android:authorities="com.facebook.katana.provider.PlatformProvider" />
22-->src\main\AndroidManifest.xml:16:9-89
22-->src\main\AndroidManifest.xml:16:19-86
23
24        <package android:name="com.facebook.katana" /> <!-- For browser content -->
24-->[com.facebook.android:facebook-common:17.0.1] AndroidManifest.xml:18:9-55
24-->[com.facebook.android:facebook-common:17.0.1] AndroidManifest.xml:18:18-52
25        <intent>
25-->[com.google.android.gms:play-services-ads-lite:23.4.0] AndroidManifest.xml:38:9-44:18
26            <action android:name="android.intent.action.VIEW" />
26-->src\main\AndroidManifest.xml:49:17-69
26-->src\main\AndroidManifest.xml:49:25-66
27
28            <category android:name="android.intent.category.BROWSABLE" />
28-->src\main\AndroidManifest.xml:51:17-78
28-->src\main\AndroidManifest.xml:51:27-75
29
30            <data android:scheme="https" />
30-->src\main\AndroidManifest.xml:52:17-61
30-->src\main\AndroidManifest.xml:52:23-58
31        </intent> <!-- End of browser content -->
32        <!-- For CustomTabsService -->
33        <intent>
33-->[com.google.android.gms:play-services-ads-lite:23.4.0] AndroidManifest.xml:47:9-49:18
34            <action android:name="android.support.customtabs.action.CustomTabsService" />
34-->[com.google.android.gms:play-services-ads-lite:23.4.0] AndroidManifest.xml:48:13-90
34-->[com.google.android.gms:play-services-ads-lite:23.4.0] AndroidManifest.xml:48:21-87
35        </intent> <!-- End of CustomTabsService -->
36        <!-- For MRAID capabilities -->
37        <intent>
37-->[com.google.android.gms:play-services-ads-lite:23.4.0] AndroidManifest.xml:52:9-56:18
38            <action android:name="android.intent.action.INSERT" />
38-->[com.google.android.gms:play-services-ads-lite:23.4.0] AndroidManifest.xml:53:13-67
38-->[com.google.android.gms:play-services-ads-lite:23.4.0] AndroidManifest.xml:53:21-64
39
40            <data android:mimeType="vnd.android.cursor.dir/event" />
40-->src\main\AndroidManifest.xml:52:17-61
41        </intent>
42        <intent>
42-->[com.google.android.gms:play-services-ads-lite:23.4.0] AndroidManifest.xml:57:9-61:18
43            <action android:name="android.intent.action.VIEW" />
43-->src\main\AndroidManifest.xml:49:17-69
43-->src\main\AndroidManifest.xml:49:25-66
44
45            <data android:scheme="sms" />
45-->src\main\AndroidManifest.xml:52:17-61
45-->src\main\AndroidManifest.xml:52:23-58
46        </intent>
47        <intent>
47-->[com.google.android.gms:play-services-ads-lite:23.4.0] AndroidManifest.xml:62:9-66:18
48            <action android:name="android.intent.action.DIAL" />
48-->[com.google.android.gms:play-services-ads-lite:23.4.0] AndroidManifest.xml:63:13-65
48-->[com.google.android.gms:play-services-ads-lite:23.4.0] AndroidManifest.xml:63:21-62
49
50            <data android:path="tel:" />
50-->src\main\AndroidManifest.xml:52:17-61
51        </intent>
52    </queries>
53    <queries>
53-->src\main\AndroidManifest.xml:15:5-17:15
54        <provider android:authorities="com.facebook.katana.provider.PlatformProvider" /> <!-- allows app to access Facebook app features -->
54-->src\main\AndroidManifest.xml:16:9-89
54-->src\main\AndroidManifest.xml:16:19-86
55        <provider android:authorities="com.facebook.orca.provider.PlatformProvider" /> <!-- allows sharing to Messenger app -->
55-->src\main\AndroidManifest.xml:16:9-89
55-->src\main\AndroidManifest.xml:16:19-86
56    </queries>
57
58    <uses-permission android:name="android.permission.VIBRATE" />
58-->[:assets_audio_player] AndroidManifest.xml:10:5-66
58-->[:assets_audio_player] AndroidManifest.xml:10:22-63
59    <uses-permission android:name="android.permission.READ_PHONE_STATE" /> <!-- Create a unique permission for your app and use it so only your app can receive your OneSignal messages. -->
60    <permission
60-->[com.onesignal:notifications:5.1.25] AndroidManifest.xml:10:5-12:47
61        android:name="com.aplikasii.mp3.permission.C2D_MESSAGE"
61-->[com.onesignal:notifications:5.1.25] AndroidManifest.xml:11:9-63
62        android:protectionLevel="signature" />
62-->[com.onesignal:notifications:5.1.25] AndroidManifest.xml:12:9-44
63
64    <uses-permission android:name="com.aplikasii.mp3.permission.C2D_MESSAGE" /> <!-- Required runtime permission to display notifications on Android 13 -->
64-->[com.onesignal:notifications:5.1.25] AndroidManifest.xml:14:5-79
64-->[com.onesignal:notifications:5.1.25] AndroidManifest.xml:14:22-76
65    <uses-permission android:name="android.permission.POST_NOTIFICATIONS" /> <!-- c2dm RECEIVE are basic requirements for push messages through Google's FCM -->
65-->[com.onesignal:notifications:5.1.25] AndroidManifest.xml:17:5-77
65-->[com.onesignal:notifications:5.1.25] AndroidManifest.xml:17:22-74
66    <uses-permission android:name="com.google.android.c2dm.permission.RECEIVE" />
66-->[com.onesignal:notifications:5.1.25] AndroidManifest.xml:19:5-82
66-->[com.onesignal:notifications:5.1.25] AndroidManifest.xml:19:22-79
67    <!--
68 Use to restore notifications the user hasn't interacted with.
69     They could be missed notifications if the user reboots their device if this isn't in place.
70    -->
71    <uses-permission android:name="android.permission.RECEIVE_BOOT_COMPLETED" /> <!-- START: ShortcutBadger -->
71-->[com.onesignal:notifications:5.1.25] AndroidManifest.xml:29:5-81
71-->[com.onesignal:notifications:5.1.25] AndroidManifest.xml:29:22-78
72    <!-- Samsung -->
73    <uses-permission android:name="com.sec.android.provider.badge.permission.READ" />
73-->[com.onesignal:notifications:5.1.25] AndroidManifest.xml:31:5-86
73-->[com.onesignal:notifications:5.1.25] AndroidManifest.xml:31:22-83
74    <uses-permission android:name="com.sec.android.provider.badge.permission.WRITE" /> <!-- HTC -->
74-->[com.onesignal:notifications:5.1.25] AndroidManifest.xml:32:5-87
74-->[com.onesignal:notifications:5.1.25] AndroidManifest.xml:32:22-84
75    <uses-permission android:name="com.htc.launcher.permission.READ_SETTINGS" />
75-->[com.onesignal:notifications:5.1.25] AndroidManifest.xml:33:5-81
75-->[com.onesignal:notifications:5.1.25] AndroidManifest.xml:33:22-78
76    <uses-permission android:name="com.htc.launcher.permission.UPDATE_SHORTCUT" /> <!-- Sony -->
76-->[com.onesignal:notifications:5.1.25] AndroidManifest.xml:34:5-83
76-->[com.onesignal:notifications:5.1.25] AndroidManifest.xml:34:22-80
77    <uses-permission android:name="com.sonyericsson.home.permission.BROADCAST_BADGE" />
77-->[com.onesignal:notifications:5.1.25] AndroidManifest.xml:35:5-88
77-->[com.onesignal:notifications:5.1.25] AndroidManifest.xml:35:22-85
78    <uses-permission android:name="com.sonymobile.home.permission.PROVIDER_INSERT_BADGE" /> <!-- Apex -->
78-->[com.onesignal:notifications:5.1.25] AndroidManifest.xml:36:5-92
78-->[com.onesignal:notifications:5.1.25] AndroidManifest.xml:36:22-89
79    <uses-permission android:name="com.anddoes.launcher.permission.UPDATE_COUNT" /> <!-- Solid -->
79-->[com.onesignal:notifications:5.1.25] AndroidManifest.xml:37:5-84
79-->[com.onesignal:notifications:5.1.25] AndroidManifest.xml:37:22-81
80    <uses-permission android:name="com.majeur.launcher.permission.UPDATE_BADGE" /> <!-- Huawei -->
80-->[com.onesignal:notifications:5.1.25] AndroidManifest.xml:38:5-83
80-->[com.onesignal:notifications:5.1.25] AndroidManifest.xml:38:22-80
81    <uses-permission android:name="com.huawei.android.launcher.permission.CHANGE_BADGE" />
81-->[com.onesignal:notifications:5.1.25] AndroidManifest.xml:39:5-91
81-->[com.onesignal:notifications:5.1.25] AndroidManifest.xml:39:22-88
82    <uses-permission android:name="com.huawei.android.launcher.permission.READ_SETTINGS" />
82-->[com.onesignal:notifications:5.1.25] AndroidManifest.xml:40:5-92
82-->[com.onesignal:notifications:5.1.25] AndroidManifest.xml:40:22-89
83    <uses-permission android:name="com.huawei.android.launcher.permission.WRITE_SETTINGS" /> <!-- ZUK -->
83-->[com.onesignal:notifications:5.1.25] AndroidManifest.xml:41:5-93
83-->[com.onesignal:notifications:5.1.25] AndroidManifest.xml:41:22-90
84    <uses-permission android:name="android.permission.READ_APP_BADGE" /> <!-- OPPO -->
84-->[com.onesignal:notifications:5.1.25] AndroidManifest.xml:42:5-73
84-->[com.onesignal:notifications:5.1.25] AndroidManifest.xml:42:22-70
85    <uses-permission android:name="com.oppo.launcher.permission.READ_SETTINGS" />
85-->[com.onesignal:notifications:5.1.25] AndroidManifest.xml:43:5-82
85-->[com.onesignal:notifications:5.1.25] AndroidManifest.xml:43:22-79
86    <uses-permission android:name="com.oppo.launcher.permission.WRITE_SETTINGS" /> <!-- EvMe -->
86-->[com.onesignal:notifications:5.1.25] AndroidManifest.xml:44:5-83
86-->[com.onesignal:notifications:5.1.25] AndroidManifest.xml:44:22-80
87    <uses-permission android:name="me.everything.badger.permission.BADGE_COUNT_READ" />
87-->[com.onesignal:notifications:5.1.25] AndroidManifest.xml:45:5-88
87-->[com.onesignal:notifications:5.1.25] AndroidManifest.xml:45:22-85
88    <uses-permission android:name="me.everything.badger.permission.BADGE_COUNT_WRITE" />
88-->[com.onesignal:notifications:5.1.25] AndroidManifest.xml:46:5-89
88-->[com.onesignal:notifications:5.1.25] AndroidManifest.xml:46:22-86
89    <uses-permission android:name="com.google.android.gms.permission.AD_ID" />
89-->[com.google.android.gms:play-services-ads-lite:23.4.0] AndroidManifest.xml:26:5-79
89-->[com.google.android.gms:play-services-ads-lite:23.4.0] AndroidManifest.xml:26:22-76
90    <uses-permission android:name="android.permission.ACCESS_ADSERVICES_AD_ID" />
90-->[com.google.android.gms:play-services-ads-lite:23.4.0] AndroidManifest.xml:27:5-82
90-->[com.google.android.gms:play-services-ads-lite:23.4.0] AndroidManifest.xml:27:22-79
91    <uses-permission android:name="android.permission.ACCESS_ADSERVICES_ATTRIBUTION" />
91-->[com.google.android.gms:play-services-ads-lite:23.4.0] AndroidManifest.xml:28:5-88
91-->[com.google.android.gms:play-services-ads-lite:23.4.0] AndroidManifest.xml:28:22-85
92    <uses-permission android:name="android.permission.ACCESS_ADSERVICES_TOPICS" />
92-->[com.google.android.gms:play-services-ads-lite:23.4.0] AndroidManifest.xml:29:5-83
92-->[com.google.android.gms:play-services-ads-lite:23.4.0] AndroidManifest.xml:29:22-80
93    <uses-permission android:name="com.google.android.providers.gsf.permission.READ_GSERVICES" />
93-->[com.google.android.recaptcha:recaptcha:18.5.1] AndroidManifest.xml:9:5-98
93-->[com.google.android.recaptcha:recaptcha:18.5.1] AndroidManifest.xml:9:22-95
94
95    <permission
95-->[androidx.core:core:1.13.1] AndroidManifest.xml:22:5-24:47
96        android:name="com.aplikasii.mp3.DYNAMIC_RECEIVER_NOT_EXPORTED_PERMISSION"
96-->[androidx.core:core:1.13.1] AndroidManifest.xml:23:9-81
97        android:protectionLevel="signature" />
97-->[androidx.core:core:1.13.1] AndroidManifest.xml:24:9-44
98
99    <uses-permission android:name="com.aplikasii.mp3.DYNAMIC_RECEIVER_NOT_EXPORTED_PERMISSION" />
99-->[androidx.core:core:1.13.1] AndroidManifest.xml:26:5-97
99-->[androidx.core:core:1.13.1] AndroidManifest.xml:26:22-94
100    <uses-permission android:name="com.google.android.finsky.permission.BIND_GET_INSTALL_REFERRER_SERVICE" />
100-->[com.android.installreferrer:installreferrer:1.0] AndroidManifest.xml:9:5-110
100-->[com.android.installreferrer:installreferrer:1.0] AndroidManifest.xml:9:22-107
101
102    <application
103        android:name="android.app.Application"
103-->src\main\AndroidManifest.xml:26:9-42
104        android:appComponentFactory="androidx.core.app.CoreComponentFactory"
104-->[androidx.core:core:1.13.1] AndroidManifest.xml:28:18-86
105        android:extractNativeLibs="false"
106        android:icon="@mipmap/ic_launcher"
106-->src\main\AndroidManifest.xml:28:9-43
107        android:label="ZXmusic"
107-->src\main\AndroidManifest.xml:24:9-28
108        android:supportsRtl="true"
108-->[com.facebook.android:facebook-login:17.0.1] AndroidManifest.xml:16:18-44
109        android:usesCleartextTraffic="true" >
109-->src\main\AndroidManifest.xml:27:9-44
110        <meta-data
110-->src\main\AndroidManifest.xml:30:8-106
111            android:name="com.facebook.sdk.ApplicationId"
111-->src\main\AndroidManifest.xml:30:19-64
112            android:value="@string/facebook_app_id" />
112-->src\main\AndroidManifest.xml:30:65-104
113        <meta-data
113-->src\main\AndroidManifest.xml:31:8-110
114            android:name="com.facebook.sdk.ClientToken"
114-->src\main\AndroidManifest.xml:31:19-62
115            android:value="@string/facebook_client_token" />
115-->src\main\AndroidManifest.xml:31:63-108
116        <meta-data
116-->src\main\AndroidManifest.xml:32:8-34:69
117            android:name="com.google.android.gms.ads.APPLICATION_ID"
117-->src\main\AndroidManifest.xml:33:12-68
118            android:value="ca-app-pub-3940256099942544~3347511713" />
118-->src\main\AndroidManifest.xml:34:12-66
119
120        <activity
120-->src\main\AndroidManifest.xml:36:9-70:20
121            android:name="com.aplikasii.mp3.MainActivity"
121-->src\main\AndroidManifest.xml:37:13-41
122            android:configChanges="orientation|keyboardHidden|keyboard|screenSize|smallestScreenSize|locale|layoutDirection|fontScale|screenLayout|density|uiMode"
122-->src\main\AndroidManifest.xml:41:13-163
123            android:exported="true"
123-->src\main\AndroidManifest.xml:38:13-36
124            android:hardwareAccelerated="true"
124-->src\main\AndroidManifest.xml:42:13-47
125            android:launchMode="singleTask"
125-->src\main\AndroidManifest.xml:39:13-44
126            android:theme="@style/LaunchTheme"
126-->src\main\AndroidManifest.xml:40:13-47
127            android:windowSoftInputMode="adjustResize" >
127-->src\main\AndroidManifest.xml:43:13-55
128
129            <!--
130                 Specifies an Android theme to apply to this Activity as soon as
131                 the Android process has started. This theme is visible to the user
132                 while the Flutter UI initializes. After that, this theme continues
133                 to determine the Window background behind the Flutter UI.
134            -->
135            <intent-filter>
135-->src\main\AndroidManifest.xml:48:13-53:29
136                <action android:name="android.intent.action.VIEW" />
136-->src\main\AndroidManifest.xml:49:17-69
136-->src\main\AndroidManifest.xml:49:25-66
137
138                <category android:name="android.intent.category.DEFAULT" />
138-->src\main\AndroidManifest.xml:50:17-76
138-->src\main\AndroidManifest.xml:50:27-73
139                <category android:name="android.intent.category.BROWSABLE" />
139-->src\main\AndroidManifest.xml:51:17-78
139-->src\main\AndroidManifest.xml:51:27-75
140
141                <data android:scheme="fb1366880510751637" />
141-->src\main\AndroidManifest.xml:52:17-61
141-->src\main\AndroidManifest.xml:52:23-58
142            </intent-filter>
143            <!-- Deep linking -->
144            <intent-filter>
144-->src\main\AndroidManifest.xml:55:13-61:29
145                <action android:name="android.intent.action.VIEW" />
145-->src\main\AndroidManifest.xml:49:17-69
145-->src\main\AndroidManifest.xml:49:25-66
146
147                <category android:name="android.intent.category.DEFAULT" />
147-->src\main\AndroidManifest.xml:50:17-76
147-->src\main\AndroidManifest.xml:50:27-73
148                <category android:name="android.intent.category.BROWSABLE" />
148-->src\main\AndroidManifest.xml:51:17-78
148-->src\main\AndroidManifest.xml:51:27-75
149
150                <data
150-->src\main\AndroidManifest.xml:52:17-61
151                    android:host="vocsy.page.link"
151-->src\main\AndroidManifest.xml:59:23-53
152                    android:scheme="https" />
152-->src\main\AndroidManifest.xml:52:23-58
153            </intent-filter>
154
155            <meta-data
155-->src\main\AndroidManifest.xml:62:13-65:17
156                android:name="io.flutter.embedding.android.NormalTheme"
156-->src\main\AndroidManifest.xml:63:15-70
157                android:resource="@style/NormalTheme" />
157-->src\main\AndroidManifest.xml:64:15-52
158
159            <intent-filter>
159-->src\main\AndroidManifest.xml:66:13-69:29
160                <action android:name="android.intent.action.MAIN" />
160-->src\main\AndroidManifest.xml:67:17-68
160-->src\main\AndroidManifest.xml:67:25-66
161
162                <category android:name="android.intent.category.LAUNCHER" />
162-->src\main\AndroidManifest.xml:68:17-76
162-->src\main\AndroidManifest.xml:68:27-74
163            </intent-filter>
164        </activity>
165        <!--
166             Don't delete the meta-data below.
167             This is used by the Flutter tool to generate GeneratedPluginRegistrant.java
168        -->
169        <meta-data
169-->src\main\AndroidManifest.xml:73:9-75:33
170            android:name="flutterEmbedding"
170-->src\main\AndroidManifest.xml:74:13-44
171            android:value="2" />
171-->src\main\AndroidManifest.xml:75:13-30
172
173        <receiver
173-->[:assets_audio_player] AndroidManifest.xml:14:9-20:20
174            android:name="com.github.florent37.assets_audio_player.notification.NotificationActionReceiver"
174-->[:assets_audio_player] AndroidManifest.xml:15:13-108
175            android:exported="true" >
175-->[:assets_audio_player] AndroidManifest.xml:16:13-36
176            <intent-filter>
176-->[:assets_audio_player] AndroidManifest.xml:17:13-19:29
177                <action android:name="android.intent.action.MEDIA_BUTTON" />
177-->[:assets_audio_player] AndroidManifest.xml:18:17-77
177-->[:assets_audio_player] AndroidManifest.xml:18:25-74
178            </intent-filter>
179        </receiver>
180        <receiver
180-->[:assets_audio_player] AndroidManifest.xml:21:9-27:20
181            android:name="com.github.florent37.assets_audio_player.notification.CustomMediaButtonReceiver"
181-->[:assets_audio_player] AndroidManifest.xml:22:13-107
182            android:exported="true" >
182-->[:assets_audio_player] AndroidManifest.xml:23:13-36
183            <intent-filter>
183-->[:assets_audio_player] AndroidManifest.xml:17:13-19:29
184                <action android:name="android.intent.action.MEDIA_BUTTON" />
184-->[:assets_audio_player] AndroidManifest.xml:18:17-77
184-->[:assets_audio_player] AndroidManifest.xml:18:25-74
185            </intent-filter>
186        </receiver>
187
188        <service
188-->[:assets_audio_player] AndroidManifest.xml:29:9-40:19
189            android:name="com.github.florent37.assets_audio_player.notification.NotificationService"
189-->[:assets_audio_player] AndroidManifest.xml:30:13-101
190            android:enabled="true"
190-->[:assets_audio_player] AndroidManifest.xml:31:13-35
191            android:exported="true"
191-->[:assets_audio_player] AndroidManifest.xml:32:13-36
192            android:foregroundServiceType="mediaPlayback" >
192-->[:assets_audio_player] AndroidManifest.xml:33:13-58
193            <intent-filter>
193-->[:assets_audio_player] AndroidManifest.xml:34:13-36:29
194                <action android:name="android.media.browse.MediaBrowserService" />
194-->[:assets_audio_player] AndroidManifest.xml:35:17-83
194-->[:assets_audio_player] AndroidManifest.xml:35:25-80
195            </intent-filter>
196            <intent-filter>
196-->[:assets_audio_player] AndroidManifest.xml:17:13-19:29
197                <action android:name="android.intent.action.MEDIA_BUTTON" />
197-->[:assets_audio_player] AndroidManifest.xml:18:17-77
197-->[:assets_audio_player] AndroidManifest.xml:18:25-74
198            </intent-filter>
199        </service>
200        <service
200-->[:firebase_auth] AndroidManifest.xml:10:9-14:19
201            android:name="com.google.firebase.components.ComponentDiscoveryService"
201-->[:firebase_auth] AndroidManifest.xml:10:18-89
202            android:directBootAware="true"
202-->[com.google.firebase:firebase-common:21.0.0] AndroidManifest.xml:32:13-43
203            android:exported="false" >
203-->[com.google.firebase:firebase-crashlytics:19.2.1] AndroidManifest.xml:14:13-37
204            <meta-data
204-->[:firebase_auth] AndroidManifest.xml:11:13-13:85
205                android:name="com.google.firebase.components:io.flutter.plugins.firebase.auth.FlutterFirebaseAuthRegistrar"
205-->[:firebase_auth] AndroidManifest.xml:12:17-124
206                android:value="com.google.firebase.components.ComponentRegistrar" />
206-->[:firebase_auth] AndroidManifest.xml:13:17-82
207            <meta-data
207-->[:firebase_crashlytics] AndroidManifest.xml:11:13-13:85
208                android:name="com.google.firebase.components:io.flutter.plugins.firebase.crashlytics.FlutterFirebaseAppRegistrar"
208-->[:firebase_crashlytics] AndroidManifest.xml:12:17-130
209                android:value="com.google.firebase.components.ComponentRegistrar" />
209-->[:firebase_crashlytics] AndroidManifest.xml:13:17-82
210            <meta-data
210-->[:firebase_dynamic_links] AndroidManifest.xml:13:13-15:85
211                android:name="com.google.firebase.components:io.flutter.plugins.firebase.dynamiclinks.FlutterFirebaseAppRegistrar"
211-->[:firebase_dynamic_links] AndroidManifest.xml:14:17-131
212                android:value="com.google.firebase.components.ComponentRegistrar" />
212-->[:firebase_dynamic_links] AndroidManifest.xml:15:17-82
213            <meta-data
213-->[:firebase_core] AndroidManifest.xml:11:13-13:85
214                android:name="com.google.firebase.components:io.flutter.plugins.firebase.core.FlutterFirebaseCoreRegistrar"
214-->[:firebase_core] AndroidManifest.xml:12:17-124
215                android:value="com.google.firebase.components.ComponentRegistrar" />
215-->[:firebase_core] AndroidManifest.xml:13:17-82
216            <meta-data
216-->[com.google.firebase:firebase-crashlytics:19.2.1] AndroidManifest.xml:15:13-17:85
217                android:name="com.google.firebase.components:com.google.firebase.crashlytics.FirebaseCrashlyticsKtxRegistrar"
217-->[com.google.firebase:firebase-crashlytics:19.2.1] AndroidManifest.xml:16:17-126
218                android:value="com.google.firebase.components.ComponentRegistrar" />
218-->[com.google.firebase:firebase-crashlytics:19.2.1] AndroidManifest.xml:17:17-82
219            <meta-data
219-->[com.google.firebase:firebase-crashlytics:19.2.1] AndroidManifest.xml:18:13-20:85
220                android:name="com.google.firebase.components:com.google.firebase.crashlytics.CrashlyticsRegistrar"
220-->[com.google.firebase:firebase-crashlytics:19.2.1] AndroidManifest.xml:19:17-115
221                android:value="com.google.firebase.components.ComponentRegistrar" />
221-->[com.google.firebase:firebase-crashlytics:19.2.1] AndroidManifest.xml:20:17-82
222            <meta-data
222-->[com.google.firebase:firebase-auth:23.1.0] AndroidManifest.xml:69:13-71:85
223                android:name="com.google.firebase.components:com.google.firebase.auth.FirebaseAuthRegistrar"
223-->[com.google.firebase:firebase-auth:23.1.0] AndroidManifest.xml:70:17-109
224                android:value="com.google.firebase.components.ComponentRegistrar" />
224-->[com.google.firebase:firebase-auth:23.1.0] AndroidManifest.xml:71:17-82
225            <meta-data
225-->[com.google.firebase:firebase-dynamic-links:22.1.0] AndroidManifest.xml:24:13-26:85
226                android:name="com.google.firebase.components:com.google.firebase.dynamiclinks.FirebaseDynamicLinksKtxRegistrar"
226-->[com.google.firebase:firebase-dynamic-links:22.1.0] AndroidManifest.xml:25:17-128
227                android:value="com.google.firebase.components.ComponentRegistrar" />
227-->[com.google.firebase:firebase-dynamic-links:22.1.0] AndroidManifest.xml:26:17-82
228            <meta-data
228-->[com.google.firebase:firebase-dynamic-links:22.1.0] AndroidManifest.xml:27:13-29:85
229                android:name="com.google.firebase.components:com.google.firebase.dynamiclinks.internal.FirebaseDynamicLinkRegistrar"
229-->[com.google.firebase:firebase-dynamic-links:22.1.0] AndroidManifest.xml:28:17-133
230                android:value="com.google.firebase.components.ComponentRegistrar" />
230-->[com.google.firebase:firebase-dynamic-links:22.1.0] AndroidManifest.xml:29:17-82
231            <meta-data
231-->[com.google.firebase:firebase-sessions:2.0.6] AndroidManifest.xml:29:13-31:85
232                android:name="com.google.firebase.components:com.google.firebase.sessions.FirebaseSessionsRegistrar"
232-->[com.google.firebase:firebase-sessions:2.0.6] AndroidManifest.xml:30:17-117
233                android:value="com.google.firebase.components.ComponentRegistrar" />
233-->[com.google.firebase:firebase-sessions:2.0.6] AndroidManifest.xml:31:17-82
234            <meta-data
234-->[com.google.firebase:firebase-messaging:24.0.3] AndroidManifest.xml:57:13-59:85
235                android:name="com.google.firebase.components:com.google.firebase.messaging.FirebaseMessagingKtxRegistrar"
235-->[com.google.firebase:firebase-messaging:24.0.3] AndroidManifest.xml:58:17-122
236                android:value="com.google.firebase.components.ComponentRegistrar" />
236-->[com.google.firebase:firebase-messaging:24.0.3] AndroidManifest.xml:59:17-82
237            <meta-data
237-->[com.google.firebase:firebase-messaging:24.0.3] AndroidManifest.xml:60:13-62:85
238                android:name="com.google.firebase.components:com.google.firebase.messaging.FirebaseMessagingRegistrar"
238-->[com.google.firebase:firebase-messaging:24.0.3] AndroidManifest.xml:61:17-119
239                android:value="com.google.firebase.components.ComponentRegistrar" />
239-->[com.google.firebase:firebase-messaging:24.0.3] AndroidManifest.xml:62:17-82
240            <meta-data
240-->[com.google.firebase:firebase-installations:18.0.0] AndroidManifest.xml:15:13-17:85
241                android:name="com.google.firebase.components:com.google.firebase.installations.FirebaseInstallationsKtxRegistrar"
241-->[com.google.firebase:firebase-installations:18.0.0] AndroidManifest.xml:16:17-130
242                android:value="com.google.firebase.components.ComponentRegistrar" />
242-->[com.google.firebase:firebase-installations:18.0.0] AndroidManifest.xml:17:17-82
243            <meta-data
243-->[com.google.firebase:firebase-installations:18.0.0] AndroidManifest.xml:18:13-20:85
244                android:name="com.google.firebase.components:com.google.firebase.installations.FirebaseInstallationsRegistrar"
244-->[com.google.firebase:firebase-installations:18.0.0] AndroidManifest.xml:19:17-127
245                android:value="com.google.firebase.components.ComponentRegistrar" />
245-->[com.google.firebase:firebase-installations:18.0.0] AndroidManifest.xml:20:17-82
246            <meta-data
246-->[com.google.firebase:firebase-common-ktx:21.0.0] AndroidManifest.xml:12:13-14:85
247                android:name="com.google.firebase.components:com.google.firebase.ktx.FirebaseCommonLegacyRegistrar"
247-->[com.google.firebase:firebase-common-ktx:21.0.0] AndroidManifest.xml:13:17-116
248                android:value="com.google.firebase.components.ComponentRegistrar" />
248-->[com.google.firebase:firebase-common-ktx:21.0.0] AndroidManifest.xml:14:17-82
249            <meta-data
249-->[com.google.firebase:firebase-datatransport:19.0.0] AndroidManifest.xml:25:13-27:85
250                android:name="com.google.firebase.components:com.google.firebase.datatransport.TransportRegistrar"
250-->[com.google.firebase:firebase-datatransport:19.0.0] AndroidManifest.xml:26:17-115
251                android:value="com.google.firebase.components.ComponentRegistrar" />
251-->[com.google.firebase:firebase-datatransport:19.0.0] AndroidManifest.xml:27:17-82
252            <meta-data
252-->[com.google.firebase:firebase-common:21.0.0] AndroidManifest.xml:35:13-37:85
253                android:name="com.google.firebase.components:com.google.firebase.FirebaseCommonKtxRegistrar"
253-->[com.google.firebase:firebase-common:21.0.0] AndroidManifest.xml:36:17-109